<?xml version="1.0" encoding="UTF-8" ?>
<testsuite tests="16" failures="0" name="com.tsguild.blogcapstone.dao.PageDaoImplTest" time="3.347" errors="0" skipped="0">
  <properties>
[...]
</properties>
  <testcase classname="com.tsguild.blogcapstone.dao.PageDaoImplTest" name="testPageCountOnAddition" time="0.928"/>
  <testcase classname="com.tsguild.blogcapstone.dao.PageDaoImplTest" name="testAddMultiplePages" time="0.173"/>
  <testcase classname="com.tsguild.blogcapstone.dao.PageDaoImplTest" name="testAgainstEmptyDAO" time="0.081"/>
  <testcase classname="com.tsguild.blogcapstone.dao.PageDaoImplTest" name="testAddAndRemovePagesMultipleTimes" time="0.322"/>
  <testcase classname="com.tsguild.blogcapstone.dao.PageDaoImplTest" name="testUpdatePage" time="0.078"/>
  <testcase classname="com.tsguild.blogcapstone.dao.PageDaoImplTest" name="testAddAndRemovePageTwice" time="0.079"/>
  <testcase classname="com.tsguild.blogcapstone.dao.PageDaoImplTest" name="testPageCountOnUpdate" time="0.21"/>
  <testcase classname="com.tsguild.blogcapstone.dao.PageDaoImplTest" name="testAddOnePage" time="0.057"/>
  <testcase classname="com.tsguild.blogcapstone.dao.PageDaoImplTest" name="testPagesAfterRemovalOfNonExistent" time="0.153"/>
  <testcase classname="com.tsguild.blogcapstone.dao.PageDaoImplTest" name="addOneToEmptyDaoTest" time="0.061"/>
  <testcase classname="com.tsguild.blogcapstone.dao.PageDaoImplTest" name="testPageCountAfterRemoval" time="0.22"/>
  <testcase classname="com.tsguild.blogcapstone.dao.PageDaoImplTest" name="testAddAndRemoveOnePage" time="0.057"/>
  <testcase classname="com.tsguild.blogcapstone.dao.PageDaoImplTest" name="testPageCountAfterTwiceRemoved" time="0.204"/>
  <testcase classname="com.tsguild.blogcapstone.dao.PageDaoImplTest" name="testUpdateMultiplePages" time="0.29"/>
  <testcase classname="com.tsguild.blogcapstone.dao.PageDaoImplTest" name="testAddSimilarPages" time="0.177"/>
  <testcase classname="com.tsguild.blogcapstone.dao.PageDaoImplTest" name="testAddAndRemoveMultiplePages" time="0.203"/>
</testsuite>